<?xml version="1.0" encoding="UTF-8"?>
<!-- Generated by org.testng.reporters.JUnitXMLReporter -->
<testsuite ignored="1" hostname="LAPTOP-BKU657FU" failures="0" tests="1" name="Default test" time="23.557" errors="0" timestamp="2022-12-23T13:15:28 IST">
  <testcase classname="selenium.data_with_commonmethods" name="login" time="23.532"/>
  <testcase classname="selenium.data_with_commonmethods" name="login1" time="0.0">
    <ignored/>
  </testcase> <!-- login1 -->
</testsuite> <!-- Default test -->
