<?xml version="1.0" encoding="UTF-8"?>
<testng-results ignored="1" total="2" passed="1" failed="0" skipped="0">
  <reporter-output>
  </reporter-output>
  <suite started-at="2022-12-23T13:15:05 IST" name="Default suite" finished-at="2022-12-23T13:15:28 IST" duration-ms="23557">
    <groups>
    </groups>
    <test started-at="2022-12-23T13:15:05 IST" name="Default test" finished-at="2022-12-23T13:15:28 IST" duration-ms="23557">
      <class name="selenium.data_with_commonmethods">
        <test-method signature="login()[pri:1, instance:selenium.data_with_commonmethods@20ce78ec]" started-at="2022-12-23T13:15:05 IST" name="login" finished-at="2022-12-23T13:15:28 IST" duration-ms="23532" status="PASS">
          <reporter-output>
          </reporter-output>
        </test-method> <!-- login -->
      </class> <!-- selenium.data_with_commonmethods -->
    </test> <!-- Default test -->
  </suite> <!-- Default suite -->
</testng-results>
